Reg:DelKey: HKEY_LOCAL_MACHINE\SOFTWARE\Microsoft\Windows\CurrentVersion\Explorer\Browser Helper Objects\{004B0726-A010-4ABF-8556-FCDB7F1FCA1E}
Reg:DelKey: HKEY_CLASSES_ROOT\CLSID\{004B0726-A010-4ABF-8556-FCDB7F1FCA1E}\InprocServer32
Reg:DelKey: HKEY_CLASSES_ROOT\CLSID\{004B0726-A010-4ABF-8556-FCDB7F1FCA1E}
Reg:DelKey: HKEY_LOCAL_MACHINE\SOFTWARE\Microsoft\Windows\CurrentVersion\Explorer\Browser Helper Objects\{DE05CF4A-7B0A-4775-B5E5-396244938679}
Reg:DelKey: HKEY_CLASSES_ROOT\np_tdieplat.BHO.1
Reg:DelKey: HKEY_CLASSES_ROOT\np_tdieplat.BHO
Reg:DelKey: HKEY_CLASSES_ROOT\TypeLib\{1957CD06-E83F-477D-AD1A-5F6B8C30C561}
Reg:DelKey: HKEY_CLASSES_ROOT\CLSID\{DE05CF4A-7B0A-4775-B5E5-396244938679}\InprocServer32
Reg:DelKey: HKEY_CLASSES_ROOT\CLSID\{DE05CF4A-7B0A-4775-B5E5-396244938679}
Reg:DelKey: HKEY_CURRENT_USER\SOFTWARE\Microsoft\Internet Explorer\MenuExt\&使用&迅雷下载全部链接
Reg:DelKey: HKEY_CURRENT_USER\SOFTWARE\Microsoft\Internet Explorer\MenuExt\&使用&迅雷离线下载
Reg:DelKey: HKEY_CURRENT_USER\SOFTWARE\Microsoft\Internet Explorer\MenuExt\&使用&迅雷下载
Reg:DelKey: HKEY_LOCAL_MACHINE\SOFTWARE\Microsoft\Windows\CurrentVersion\Explorer\Browser Helper Objects\{31D09BA0-12F5-4CCE-BE8A-2923E76605DA}
Reg:DelKey: HKEY_CURRENT_USER\SOFTWARE\Microsoft\Windows\CurrentVersion\Ext\Stats\{31D09BA0-12F5-4CCE-BE8A-2923E76605DA}
Reg:DelKey: HKEY_CLASSES_ROOT\OCHelper.BrowserHelper.1
Reg:DelKey: HKEY_CLASSES_ROOT\OCHelper.BrowserHelper
Reg:DelKey: HKEY_CLASSES_ROOT\TypeLib\{EE9CFA8C-F997-4221-BE2F-85A5F603218F}
Reg:DelKey: HKEY_CLASSES_ROOT\CLSID\{31D09BA0-12F5-4CCE-BE8A-2923E76605DA}\InprocServer32
Reg:DelKey: HKEY_CLASSES_ROOT\CLSID\{31D09BA0-12F5-4CCE-BE8A-2923E76605DA}
Reg:DelKey: HKEY_LOCAL_MACHINE\SOFTWARE\Microsoft\Internet Explorer\Extensions\{31D09BA0-12F5-4CCE-BE8A-2923E76605DA}
Reg:DelKey: HKEY_LOCAL_MACHINE\SOFTWARE\Google\Chrome\Extensions\ncennffkjdiamlpmcbajkmaiiiddgioo
Reg:DelKey: HKEY_LOCAL_MACHINE\SOFTWARE\Microsoft\Windows\CurrentVersion\Explorer\Browser Helper Objects\{DDD362CF-523B-4BC9-8FDC-58F93B6BC945}
