2021-08-21 23:08:26 [UNENG][16136]DSEngLib_Init ok
2021-08-21 23:08:27 [UNENG][16136]DSEngLib_Init ok
2021-08-21 23:08:28 [UNENG][16136]DSEngLib_Init ok
2021-08-21 23:08:29 [UNENG][16136]DSEngCreate ok
2021-08-21 23:08:29 [UNENG][16136]eng ready
2021-08-21 23:08:29 [UNENG][16136]DSEngInit ok
2021-08-21 23:08:29 [UNENG][16136]DSEngScan ok
2021-08-21 23:08:30 [UNENG][17264]eng 2 ok
2021-08-21 23:08:30 [UNENG][17264]eng 11 ok
2021-08-21 23:08:30 [UNENG][17264]DSEngLib_Init ok
2021-08-21 23:08:30 [UNENG][17264]eng 14 ok
2021-08-21 23:08:30 [UNENG][17264]eng 15 disabled
2021-08-21 23:08:30 [UNENG][17264]eng 16 ok
2021-08-21 23:08:30 [UNENG][17264]eng 20 disabled
2021-08-21 23:08:30 [UNENG][17264]eng 23 ok
2021-08-21 23:08:31 [UNENG][17264]eng 100 ok
2021-08-21 23:08:31 [UNENG][17264]eng 101 disabled
2021-08-21 23:08:31 [UNENG][17264]eng 256 ok
2021-08-21 23:08:52 [UNENG][17264]ok
2021-08-21 23:08:52 [UNENG][17264]scaned 1159 item(s)
2021-09-01 22:17:57 [UNENG][16636]DSEngLib_Init ok
2021-09-01 22:17:57 [UNENG][16636]DSEngLib_Init ok
2021-09-01 22:21:48 [UNENG][1092]DSEngLib_Init ok
2021-09-01 22:21:49 [UNENG][2888]DSEngLib_Init ok
2021-09-01 22:21:49 [UNENG][2888]DSEngCreate ok
2021-09-01 22:21:49 [UNENG][2888]eng ready
2021-09-01 22:21:49 [UNENG][2888]DSEngInit ok
2021-09-01 22:21:49 [UNENG][2888]DSEngGetOption ok
2021-09-01 22:21:49 [UNENG][2888]DSEngScan ok
2021-09-01 22:21:52 [UNENG][15784]err 2147500034
2021-09-01 22:21:52 [UNENG][15784]eng 2 ok
2021-09-01 22:21:52 [UNENG][15784]eng 11 ok
2021-09-01 22:21:52 [UNENG][15784]DSEngLib_Init ok
2021-09-01 22:21:52 [UNENG][15784]eng 14 ok
2021-09-01 22:21:52 [UNENG][15784]eng 15 disabled
2021-09-01 22:21:52 [UNENG][15784]eng 16 ok
2021-09-01 22:21:52 [UNENG][15784]eng 17 ok
2021-09-01 22:21:52 [UNENG][15784]eng 18 ok
2021-09-01 22:21:52 [UNENG][15784]eng 20 disabled
2021-09-01 22:21:52 [UNENG][15784]eng 23 ok
2021-09-01 22:21:52 [UNENG][15784]eng 24 ok
2021-09-01 22:21:52 [UNENG][15784]eng 29 ok
2021-09-01 22:21:52 [UNENG][15784]eng 100 disabled
2021-09-01 22:21:52 [UNENG][15784]eng 101 disabled
2021-09-01 22:21:52 [UNENG][15784]eng 256 ok
2021-09-01 22:23:28 [UNENG][15784]ok
2021-09-01 22:23:28 [UNENG][15784]scaned 16515 item(s)
2021-09-01 22:23:37 [UNENG][2888]DSEngPostScan ok
2021-09-01 22:23:38 [UNENG][3400]ok
2021-09-01 22:23:38 [UNENG][3400]scaned 16515 item(s)
2021-09-01 22:23:48 [UNENG][6924]DSEngFix err 1
2021-09-23 12:23:14 [UNENG][15528]DSEngLib_Init ok
2021-09-23 12:23:16 [UNENG][16184]DSEngLib_Init ok
2021-09-23 12:23:16 [UNENG][16184]DSEngCreate ok
2021-09-23 12:23:17 [UNENG][16184]eng ready
2021-09-23 12:23:17 [UNENG][16184]DSEngInit ok
2021-09-23 12:23:17 [UNENG][16184]DSEngGetOption ok
2021-09-23 12:23:17 [UNENG][16184]DSEngScan ok
2021-09-23 12:23:19 [UNENG][2260]err 2147500034
2021-09-23 12:23:19 [UNENG][2260]eng 2 ok
2021-09-23 12:23:19 [UNENG][2260]eng 11 ok
2021-09-23 12:23:19 [UNENG][2260]DSEngLib_Init ok
2021-09-23 12:23:19 [UNENG][2260]eng 14 ok
2021-09-23 12:23:19 [UNENG][2260]eng 15 disabled
2021-09-23 12:23:19 [UNENG][2260]eng 16 ok
2021-09-23 12:23:19 [UNENG][2260]eng 17 ok
2021-09-23 12:23:19 [UNENG][2260]eng 18 ok
2021-09-23 12:23:19 [UNENG][2260]eng 20 disabled
2021-09-23 12:23:19 [UNENG][2260]eng 23 ok
2021-09-23 12:23:20 [UNENG][2260]eng 24 ok
2021-09-23 12:23:20 [UNENG][2260]eng 29 ok
2021-09-23 12:23:20 [UNENG][2260]eng 100 disabled
2021-09-23 12:23:20 [UNENG][2260]eng 101 disabled
2021-09-23 12:23:20 [UNENG][2260]eng 256 ok
2021-09-23 12:24:48 [UNENG][2260]ok
2021-09-23 12:24:48 [UNENG][2260]scaned 16162 item(s)
2021-09-23 12:25:03 [UNENG][16184]DSEngPostScan ok
2021-09-23 12:25:03 [UNENG][15636]ok
2021-09-23 12:25:03 [UNENG][15636]scaned 16162 item(s)
2021-09-23 12:29:03 [UNENG][14660]DSEngLib_Init ok
2021-09-23 12:29:03 [UNENG][14660]DSEngLib_Init ok
2021-09-23 12:29:05 [UNENG][14660]DSEngLib_Init ok
2021-09-23 12:29:05 [UNENG][14660]DSEngCreate ok
2021-09-23 12:29:05 [UNENG][14660]eng ready
2021-09-23 12:29:05 [UNENG][14660]DSEngInit ok
2021-09-23 12:29:05 [UNENG][14660]DSEngScan ok
2021-09-23 12:29:05 [UNENG][1756]eng 2 ok
2021-09-23 12:29:05 [UNENG][1756]eng 11 ok
2021-09-23 12:29:05 [UNENG][1756]DSEngLib_Init ok
2021-09-23 12:29:05 [UNENG][1756]eng 14 ok
2021-09-23 12:29:05 [UNENG][1756]eng 15 disabled
2021-09-23 12:29:05 [UNENG][1756]eng 16 ok
2021-09-23 12:29:05 [UNENG][1756]eng 20 disabled
2021-09-23 12:29:05 [UNENG][1756]eng 23 ok
2021-09-23 12:29:06 [UNENG][1756]eng 100 ok
2021-09-23 12:29:06 [UNENG][1756]eng 101 disabled
2021-09-23 12:29:06 [UNENG][1756]eng 256 ok
2021-09-23 12:29:48 [UNENG][1756]ok
2021-09-23 12:29:48 [UNENG][1756]scaned 930 item(s)
2021-09-30 11:22:15 [UNENG][20664]DSEngLib_Init ok
2021-09-30 11:22:16 [UNENG][10012]DSEngLib_Init ok
2021-09-30 11:22:16 [UNENG][10012]DSEngCreate ok
2021-09-30 11:22:16 [UNENG][10012]eng ready
2021-09-30 11:22:16 [UNENG][10012]DSEngInit ok
2021-09-30 11:22:16 [UNENG][10012]DSEngGetOption ok
2021-09-30 11:22:16 [UNENG][10012]DSEngScan ok
2021-09-30 11:22:17 [UNENG][20500]err 2147500034
2021-09-30 11:22:17 [UNENG][20500]eng 2 ok
2021-09-30 11:22:17 [UNENG][20500]eng 11 ok
2021-09-30 11:22:17 [UNENG][20500]DSEngLib_Init ok
2021-09-30 11:22:17 [UNENG][20500]eng 14 ok
2021-09-30 11:22:17 [UNENG][20500]eng 15 disabled
2021-09-30 11:22:17 [UNENG][20500]eng 16 ok
2021-09-30 11:22:17 [UNENG][20500]eng 17 ok
2021-09-30 11:22:17 [UNENG][20500]eng 18 ok
2021-09-30 11:22:17 [UNENG][20500]eng 20 disabled
2021-09-30 11:22:17 [UNENG][20500]eng 23 ok
2021-09-30 11:22:17 [UNENG][20500]eng 24 ok
2021-09-30 11:22:17 [UNENG][20500]eng 29 ok
2021-09-30 11:22:17 [UNENG][20500]eng 100 disabled
2021-09-30 11:22:17 [UNENG][20500]eng 101 disabled
2021-09-30 11:22:17 [UNENG][20500]eng 256 ok
2021-09-30 11:22:59 [UNENG][20500]ok
2021-09-30 11:22:59 [UNENG][20500]scaned 18165 item(s)
2021-09-30 11:23:07 [UNENG][10012]DSEngPostScan ok
2021-09-30 11:23:07 [UNENG][19076]ok
2021-09-30 11:23:07 [UNENG][19076]scaned 18165 item(s)
2021-10-11 19:34:44 [UNENG][552]DSEngLib_Init ok
2021-10-11 19:34:46 [UNENG][12888]DSEngLib_Init ok
2021-10-11 19:34:46 [UNENG][12888]DSEngCreate ok
2021-10-11 19:34:46 [UNENG][12888]eng ready
2021-10-11 19:34:46 [UNENG][12888]DSEngInit ok
2021-10-11 19:34:46 [UNENG][12888]DSEngGetOption ok
2021-10-11 19:34:46 [UNENG][12888]DSEngScan ok
2021-10-11 19:34:49 [UNENG][4488]eng 2 ok
2021-10-11 19:34:49 [UNENG][4488]eng 11 ok
2021-10-11 19:34:49 [UNENG][4488]DSEngLib_Init ok
2021-10-11 19:34:49 [UNENG][4488]eng 14 ok
2021-10-11 19:34:49 [UNENG][4488]eng 15 disabled
2021-10-11 19:34:49 [UNENG][4488]eng 16 ok
2021-10-11 19:34:49 [UNENG][4488]eng 20 ok
2021-10-11 19:34:49 [UNENG][4488]eng 23 ok
2021-10-11 19:34:49 [UNENG][4488]eng 24 ok
2021-10-11 19:34:49 [UNENG][4488]eng 29 ok
2021-10-11 19:34:49 [UNENG][4488]eng 30 ok
2021-10-11 19:34:49 [UNENG][4488]eng 100 disabled
2021-10-11 19:34:49 [UNENG][4488]eng 101 disabled
2021-10-11 19:34:49 [UNENG][4488]eng 256 ok
2021-10-11 19:34:52 [UNENG][4488]ok
2021-10-11 19:34:52 [UNENG][4488]scaned 1 item(s)
2021-10-11 19:34:52 [UNENG][12888]DSEngPostScan ok
2021-10-11 19:34:52 [UNENG][12836]ok
2021-10-11 19:34:52 [UNENG][12836]scaned 1 item(s)
2021-10-11 19:36:10 [UNENG][8580]DSEngDestory ok
2021-10-18 08:52:37 [UNENG][3296]DSEngLib_Init ok
2021-10-18 08:52:38 [UNENG][3296]DSEngLib_Init ok
2021-10-18 08:52:39 [UNENG][3296]DSEngLib_Init ok
2021-10-18 08:52:40 [UNENG][3296]DSEngCreate ok
2021-10-18 08:52:40 [UNENG][3296]eng ready
2021-10-18 08:52:40 [UNENG][3296]DSEngInit ok
2021-10-18 08:52:40 [UNENG][3296]DSEngScan ok
2021-10-18 08:52:40 [UNENG][9964]eng 2 ok
2021-10-18 08:52:40 [UNENG][9964]eng 11 ok
2021-10-18 08:52:40 [UNENG][9964]DSEngLib_Init ok
2021-10-18 08:52:40 [UNENG][9964]eng 14 ok
2021-10-18 08:52:40 [UNENG][9964]eng 15 disabled
2021-10-18 08:52:40 [UNENG][9964]eng 16 ok
2021-10-18 08:52:40 [UNENG][9964]eng 20 disabled
2021-10-18 08:52:40 [UNENG][9964]eng 23 ok
2021-10-18 08:52:40 [UNENG][9964]eng 100 ok
2021-10-18 08:52:40 [UNENG][9964]eng 101 disabled
2021-10-18 08:52:40 [UNENG][9964]eng 256 ok
2021-10-18 08:53:16 [UNENG][9964]ok
2021-10-18 08:53:16 [UNENG][9964]scaned 1493 item(s)
